2013-02-01 16:34:03.276 ipjsua[3597:907] Application windows are expected to have a root view controller at the end of application launch
2013-02-01 16:34:03.284 ipjsua[3597:4e03] 16:34:03.284 os_core_unix.c !pjlib 2.0.1 for POSIX initialized
2013-02-01 16:34:03.293 ipjsua[3597:4e03] 16:34:03.291 sip_endpoint.c  .Creating endpoint instance...
2013-02-01 16:34:03.303 ipjsua[3597:4e03] 16:34:03.303          pjlib  .select() I/O Queue created (0x215d744)
2013-02-01 16:34:03.305 ipjsua[3597:4e03] 16:34:03.305 sip_endpoint.c  .Module "mod-msg-print" registered
2013-02-01 16:34:03.309 ipjsua[3597:4e03] 16:34:03.308 sip_transport.  .Transport manager created.
2013-02-01 16:34:03.314 ipjsua[3597:4e03] 16:34:03.314   pjsua_core.c  .PJSUA state changed: NULL --> CREATED
2013-02-01 16:34:03.329 ipjsua[3597:4e03] 16:34:03.329 sip_endpoint.c  .Module "mod-pjsua-log" registered
2013-02-01 16:34:03.341 ipjsua[3597:4e03] 16:34:03.341 sip_endpoint.c  .Module "mod-tsx-layer" registered
2013-02-01 16:34:03.343 ipjsua[3597:4e03] 16:34:03.343 sip_endpoint.c  .Module "mod-stateful-util" registered
2013-02-01 16:34:03.346 ipjsua[3597:4e03] 16:34:03.346 sip_endpoint.c  .Module "mod-ua" registered
2013-02-01 16:34:03.348 ipjsua[3597:4e03] 16:34:03.348 sip_endpoint.c  .Module "mod-100rel" registered
2013-02-01 16:34:03.350 ipjsua[3597:4e03] 16:34:03.350 sip_endpoint.c  .Module "mod-pjsua" registered
2013-02-01 16:34:03.353 ipjsua[3597:4e03] 16:34:03.353 sip_endpoint.c  .Module "mod-invite" registered
2013-02-01 16:34:03.359 ipjsua[3597:4e03] 16:34:03.358 coreaudio_dev.  .. dev_id 0: iPhone IO device  (in=1, out=1) 8000Hz
2013-02-01 16:34:03.362 ipjsua[3597:4e03] 16:34:03.362 coreaudio_dev.  ..core audio initialized
2013-02-01 16:34:03.366 ipjsua[3597:4e03] 16:34:03.366          pjlib  ..select() I/O Queue created (0x1944214)
2013-02-01 16:34:03.415 ipjsua[3597:4e03] 16:34:03.415    pjsua_vid.c  ..Initializing video subsystem..
2013-02-01 16:34:03.470 ipjsua[3597:4e03] 16:34:03.470      ios_dev.m  ...iOS video initialized with 2 devices
2013-02-01 16:34:03.478 ipjsua[3597:4e03] 16:34:03.478 colorbar_dev.c  ...Colorbar video src initialized with 1 device(s):
2013-02-01 16:34:03.481 ipjsua[3597:4e03] 16:34:03.481 colorbar_dev.c  ... 0: Colorbar generator
2013-02-01 16:34:03.490 ipjsua[3597:4e03] 16:34:03.490      sdl_dev.c  ...SDL 2.0 initialized
2013-02-01 16:34:03.492 ipjsua[3597:4e03] 16:34:03.492 sip_endpoint.c  .Module "mod-evsub" registered
2013-02-01 16:34:03.494 ipjsua[3597:4e03] 16:34:03.494 sip_endpoint.c  .Module "mod-presence" registered
2013-02-01 16:34:03.496 ipjsua[3597:4e03] 16:34:03.496 sip_endpoint.c  .Module "mod-mwi" registered
2013-02-01 16:34:03.497 ipjsua[3597:4e03] 16:34:03.497 sip_endpoint.c  .Module "mod-refer" registered
2013-02-01 16:34:03.499 ipjsua[3597:4e03] 16:34:03.499 sip_endpoint.c  .Module "mod-pjsua-pres" registered
2013-02-01 16:34:03.501 ipjsua[3597:4e03] 16:34:03.501 sip_endpoint.c  .Module "mod-pjsua-im" registered
2013-02-01 16:34:03.502 ipjsua[3597:4e03] 16:34:03.502 sip_endpoint.c  .Module "mod-pjsua-options" registered
2013-02-01 16:34:03.504 ipjsua[3597:4e03] 16:34:03.504   pjsua_core.c  .1 SIP worker threads created
2013-02-01 16:34:03.506 ipjsua[3597:4e03] 16:34:03.506   pjsua_core.c  .pjsua version 2.0.1 for iPhone OS-6.0.1/arm/iOS-SDK-6.0 initialized
2013-02-01 16:34:03.508 ipjsua[3597:4e03] 16:34:03.508   pjsua_core.c  .PJSUA state changed: CREATED --> INIT
2013-02-01 16:34:03.510 ipjsua[3597:4e03] 16:34:03.510 sip_endpoint.c  Module "mod-default-handler" registered
2013-02-01 16:34:03.512 ipjsua[3597:4e03] 16:34:03.512   pjsua_core.c  SIP UDP socket reachable at 192.168.1.4:5060
2013-02-01 16:34:03.515 ipjsua[3597:4e03] 16:34:03.515   udp0x213b000  SIP UDP transport started, published address is 192.168.1.4:5060
2013-02-01 16:34:03.517 ipjsua[3597:4e03] 16:34:03.517    pjsua_acc.c  Adding account: id=<sip:192.168.1.4:5060>
2013-02-01 16:34:03.519 ipjsua[3597:4e03] 16:34:03.519    pjsua_acc.c  .Account <sip:192.168.1.4:5060> added with id 0
2013-02-01 16:34:03.521 ipjsua[3597:4e03] 16:34:03.521    pjsua_acc.c  Modifying accunt 0
2013-02-01 16:34:03.523 ipjsua[3597:4e03] 16:34:03.523    pjsua_acc.c  Acc 0: setting online status to 1..
2013-02-01 16:34:03.526 ipjsua[3597:4e03] 16:34:03.526    tcplis:5060  SIP TCP listener ready for incoming connections at 192.168.1.4:5060
2013-02-01 16:34:03.528 ipjsua[3597:4e03] 16:34:03.528    pjsua_acc.c  Adding account: id=<sip:192.168.1.4:5060;transport=TCP>
2013-02-01 16:34:03.530 ipjsua[3597:4e03] 16:34:03.530    pjsua_acc.c  .Account <sip:192.168.1.4:5060;transport=TCP> added with id 1
2013-02-01 16:34:03.532 ipjsua[3597:4e03] 16:34:03.532    pjsua_acc.c  Modifying accunt 1
2013-02-01 16:34:03.534 ipjsua[3597:4e03] 16:34:03.534    pjsua_acc.c  Acc 1: setting online status to 1..
2013-02-01 16:34:03.535 ipjsua[3597:4e03] 16:34:03.535   pjsua_core.c  PJSUA state changed: INIT --> STARTING
2013-02-01 16:34:03.537 ipjsua[3597:4e03] 16:34:03.537  pjsua_media.c  ..NAT type detection failed: Invalid STUN server or server not configured (PJNATH_ESTUNINSERVER)
2013-02-01 16:34:03.539 ipjsua[3597:4e03] 16:34:03.539 sip_endpoint.c  .Module "mod-unsolicited-mwi" registered
2013-02-01 16:34:03.541 ipjsua[3597:4e03] 16:34:03.541   pjsua_core.c  .PJSUA state changed: STARTING --> RUNNING
2013-02-01 16:34:03.543 ipjsua[3597:4e03] >>>>
2013-02-01 16:34:03.545 ipjsua[3597:4e03] Account list:
2013-02-01 16:34:03.547 ipjsua[3597:4e03]   [ 0] <sip:192.168.1.4:5060>: does not register
2013-02-01 16:34:03.549 ipjsua[3597:4e03]        Online status: Online
2013-02-01 16:34:03.550 ipjsua[3597:4e03]  *[ 1] <sip:192.168.1.4:5060;transport=TCP>: does not register
2013-02-01 16:34:03.552 ipjsua[3597:4e03]        Online status: Online
2013-02-01 16:34:03.554 ipjsua[3597:4e03] Buddy list:
2013-02-01 16:34:03.556 ipjsua[3597:4e03]  -none-
2013-02-01 16:34:03.558 ipjsua[3597:4e03] 
2013-02-01 16:34:03.559 ipjsua[3597:4e03] +=============================================================================+
2013-02-01 16:34:03.561 ipjsua[3597:4e03] |       Call Commands:         |   Buddy, IM & Presence:  |     Account:      |
2013-02-01 16:34:03.563 ipjsua[3597:4e03] |                              |                          |                   |
2013-02-01 16:34:03.565 ipjsua[3597:4e03] |  m  Make new call            | +b  Add new buddy       .| +a  Add new accnt |
2013-02-01 16:34:03.566 ipjsua[3597:4e03] |  M  Make multiple calls      | -b  Delete buddy         | -a  Delete accnt. |
2013-02-01 16:34:03.568 ipjsua[3597:4e03] |  a  Answer call              |  i  Send IM              | !a  Modify accnt. |
2013-02-01 16:34:03.570 ipjsua[3597:4e03] |  h  Hangup call  (ha=all)    |  s  Subscribe presence   | rr  (Re-)register |
2013-02-01 16:34:03.572 ipjsua[3597:4e03] |  H  Hold call                |  u  Unsubscribe presence | ru  Unregister    |
2013-02-01 16:34:03.574 ipjsua[3597:4e03] |  v  re-inVite (release hold) |  t  ToGgle Online status |  >  Cycle next ac.|
2013-02-01 16:34:03.575 ipjsua[3597:4e03] |  U  send UPDATE              |  T  Set online status    |  <  Cycle prev ac.|
2013-02-01 16:34:03.577 ipjsua[3597:4e03] | ],[ Select next/prev call    +--------------------------+-------------------+
2013-02-01 16:34:03.579 ipjsua[3597:4e03] |  x  Xfer call                |      Media Commands:     |  Status & Config: |
2013-02-01 16:34:03.581 ipjsua[3597:4e03] |  X  Xfer with Replaces       |                          |                   |
2013-02-01 16:34:03.582 ipjsua[3597:4e03] |  #  Send RFC 2833 DTMF       | cl  List ports           |  d  Dump status   |
2013-02-01 16:34:03.584 ipjsua[3597:4e03] |  *  Send DTMF with INFO      | cc  Connect port         | dd  Dump detailed |
2013-02-01 16:34:03.586 ipjsua[3597:4e03] | dq  Dump curr. call quality  | cd  Disconnect port      | dc  Dump config   |
2013-02-01 16:34:03.588 ipjsua[3597:4e03] |                              |  V  Adjust audio Volume  |  f  Save config   |
2013-02-01 16:34:03.590 ipjsua[3597:4e03] |  S  Send arbitrary REQUEST   | Cp  Codec priorities     |                   |
2013-02-01 16:34:03.592 ipjsua[3597:4e03] +-----------------------------------------------------------------------------+
2013-02-01 16:34:03.594 ipjsua[3597:4e03] | Video: "vid help" for more info                                             |
2013-02-01 16:34:03.596 ipjsua[3597:4e03] +-----------------------------------------------------------------------------+
2013-02-01 16:34:03.597 ipjsua[3597:4e03] |  q  QUIT   L  ReLoad   sleep MS   echo [0|1|txt]     n: detect NAT type     |
2013-02-01 16:34:03.599 ipjsua[3597:4e03] +=============================================================================+
2013-02-01 16:34:03.601 ipjsua[3597:4e03] You have 0 active call
2013-02-01 16:34:03.602 ipjsua[3597:4e03] >>> 
2013-02-01 16:34:10.470 ipjsua[3597:4e03] 16:34:10.470    pjsua_acc.c  Adding account: id=sip:ashishlalwork1@sip.antisip.com
2013-02-01 16:34:10.472 ipjsua[3597:4e03] 16:34:10.472    pjsua_acc.c  .Account sip:ashishlalwork1@sip.antisip.com added with id 2
2013-02-01 16:34:10.474 ipjsua[3597:4e03] 16:34:10.474    pjsua_acc.c  .Acc 2: setting registration..
2013-02-01 16:34:10.482 ipjsua[3597:4e03] 16:34:10.482   pjsua_core.c  ...TX 571 bytes Request msg REGISTER/cseq=52055 (tdta0x197d600) to UDP 91.121.81.212:5060:
REGISTER sip:sip.antisip.com SIP/2.0

Via: SIP/2.0/UDP 192.168.1.4:5060;rport;branch=z9hG4bKPjtMKDyqtdx2SsAwIdn8RV2bw0kxxghszs

Max-Forwards: 70

From: <sip:ashishlalwork1@sip.antisip.com>;tag=DANpd7aFsf7SFycMS8mKvwT3njsOVZ9s

To: <sip:ashishlalwork1@sip.antisip.com>

Call-ID: rUEhmcmH6IrNts3t3kslrus13u3aR95j

CSeq: 52055 REGISTER

User-Agent: PJSUA v2.0.1 iPhone OS-6.0.1/arm/iOS-SDK-6.0

Contact: <sip:ashishlalwork1@192.168.1.4:5060;ob>

Expires: 300

Allow: PRACK, INVITE, ACK, BYE, CANCEL, UPDATE, SUBSCRIBE, NOTIFY, REFER, MESSAGE, OPTIONS

Content-Length:  0




--end msg--
2013-02-01 16:34:10.485 ipjsua[3597:4e03] 16:34:10.485    pjsua_acc.c  ..Acc 2: Registration sent
2013-02-01 16:34:10.486 ipjsua[3597:4e03] >>> 
2013-02-01 16:34:10.986 ipjsua[3597:6303] 16:34:10.985   pjsua_core.c  .TX 571 bytes Request msg REGISTER/cseq=52055 (tdta0x197d600) to UDP 91.121.81.212:5060:
REGISTER sip:sip.antisip.com SIP/2.0

Via: SIP/2.0/UDP 192.168.1.4:5060;rport;branch=z9hG4bKPjtMKDyqtdx2SsAwIdn8RV2bw0kxxghszs

Max-Forwards: 70

From: <sip:ashishlalwork1@sip.antisip.com>;tag=DANpd7aFsf7SFycMS8mKvwT3njsOVZ9s

To: <sip:ashishlalwork1@sip.antisip.com>

Call-ID: rUEhmcmH6IrNts3t3kslrus13u3aR95j

CSeq: 52055 REGISTER

User-Agent: PJSUA v2.0.1 iPhone OS-6.0.1/arm/iOS-SDK-6.0

Contact: <sip:ashishlalwork1@192.168.1.4:5060;ob>

Expires: 300

Allow: PRACK, INVITE, ACK, BYE, CANCEL, UPDATE, SUBSCRIBE, NOTIFY, REFER, MESSAGE, OPTIONS

Content-Length:  0




--end msg--
2013-02-01 16:34:11.987 ipjsua[3597:6303] 16:34:11.987   pjsua_core.c  .TX 571 bytes Request msg REGISTER/cseq=52055 (tdta0x197d600) to UDP 91.121.81.212:5060:
REGISTER sip:sip.antisip.com SIP/2.0

Via: SIP/2.0/UDP 192.168.1.4:5060;rport;branch=z9hG4bKPjtMKDyqtdx2SsAwIdn8RV2bw0kxxghszs

Max-Forwards: 70

From: <sip:ashishlalwork1@sip.antisip.com>;tag=DANpd7aFsf7SFycMS8mKvwT3njsOVZ9s

To: <sip:ashishlalwork1@sip.antisip.com>

Call-ID: rUEhmcmH6IrNts3t3kslrus13u3aR95j

CSeq: 52055 REGISTER

User-Agent: PJSUA v2.0.1 iPhone OS-6.0.1/arm/iOS-SDK-6.0

Contact: <sip:ashishlalwork1@192.168.1.4:5060;ob>

Expires: 300

Allow: PRACK, INVITE, ACK, BYE, CANCEL, UPDATE, SUBSCRIBE, NOTIFY, REFER, MESSAGE, OPTIONS

Content-Length:  0




--end msg--
2013-02-01 16:34:12.364 ipjsua[3597:6303] 16:34:12.364   pjsua_core.c  .RX 503 bytes Response msg 401/REGISTER/cseq=52055 (rdata0x2171a14) from UDP 91.121.81.212:5060:
SIP/2.0 401 Unauthorized

Via: SIP/2.0/UDP 192.168.1.4:5060;rport=5060;branch=z9hG4bKPjtMKDyqtdx2SsAwIdn8RV2bw0kxxghszs

From: <sip:ashishlalwork1@sip.antisip.com>;tag=DANpd7aFsf7SFycMS8mKvwT3njsOVZ9s

To: <sip:ashishlalwork1@sip.antisip.com>;tag=b27e1a1d33761e85846fc98f5f3a7e58.cc04

Call-ID: rUEhmcmH6IrNts3t3kslrus13u3aR95j

CSeq: 52055 REGISTER

WWW-Authenticate: Digest realm="sip.antisip.com", nonce="UQulD1ELoSdrS3Z3SeCU39cI8L5KtWDs"

Server: kamailio (3.2.1 (i386/linux))

Content-Length: 0




--end msg--
2013-02-01 16:34:12.367 ipjsua[3597:6303] 16:34:12.367   pjsua_core.c  ....TX 759 bytes Request msg REGISTER/cseq=52056 (tdta0x197d600) to UDP 91.121.81.212:5060:
REGISTER sip:sip.antisip.com SIP/2.0

Via: SIP/2.0/UDP 192.168.1.4:5060;rport;branch=z9hG4bKPjl-yNrhURHPL3qPcOCFABXChUXVif0XBh

Max-Forwards: 70

From: <sip:ashishlalwork1@sip.antisip.com>;tag=DANpd7aFsf7SFycMS8mKvwT3njsOVZ9s

To: <sip:ashishlalwork1@sip.antisip.com>

Call-ID: rUEhmcmH6IrNts3t3kslrus13u3aR95j

CSeq: 52056 REGISTER

User-Agent: PJSUA v2.0.1 iPhone OS-6.0.1/arm/iOS-SDK-6.0

Contact: <sip:ashishlalwork1@192.168.1.4:5060;ob>

Expires: 300

Allow: PRACK, INVITE, ACK, BYE, CANCEL, UPDATE, SUBSCRIBE, NOTIFY, REFER, MESSAGE, OPTIONS

Authorization: Digest username="ashishlalwork1", realm="sip.antisip.com", nonce="UQulD1ELoSdrS3Z3SeCU39cI8L5KtWDs", uri="sip:sip.antisip.com", response="1fc878e6d341a00e4e56cf576391d306"

Content-Length:  0




--end msg--
2013-02-01 16:34:12.560 ipjsua[3597:6303] 16:34:12.559   pjsua_core.c  .RX 464 bytes Response msg 200/REGISTER/cseq=52056 (rdata0x2171a14) from UDP 91.121.81.212:5060:
SIP/2.0 200 OK

Via: SIP/2.0/UDP 192.168.1.4:5060;rport=5060;branch=z9hG4bKPjl-yNrhURHPL3qPcOCFABXChUXVif0XBh

From: <sip:ashishlalwork1@sip.antisip.com>;tag=DANpd7aFsf7SFycMS8mKvwT3njsOVZ9s

To: <sip:ashishlalwork1@sip.antisip.com>;tag=b27e1a1d33761e85846fc98f5f3a7e58.0eaf

Call-ID: rUEhmcmH6IrNts3t3kslrus13u3aR95j

CSeq: 52056 REGISTER

Contact: <sip:ashishlalwork1@192.168.1.4:5060;ob>;expires=300

Server: kamailio (3.2.1 (i386/linux))

Content-Length: 0




--end msg--
2013-02-01 16:34:12.562 ipjsua[3597:6303] 16:34:12.562    pjsua_acc.c  ....SIP outbound status for acc 2 is not active
2013-02-01 16:34:12.564 ipjsua[3597:6303] 16:34:12.563    pjsua_acc.c  ....sip:ashishlalwork1@sip.antisip.com: registration success, status=200 (OK), will re-register in 300 seconds
2013-02-01 16:34:12.565 ipjsua[3597:6303] 16:34:12.565    pjsua_acc.c  ....Keep-alive timer started for acc 2, destination:91.121.81.212:5060, interval:15s
2013-02-01 16:34:22.943 ipjsua[3597:4e03] 16:34:22.943    pjsua_app.c !Video will be enabled in next offer/answer
2013-02-01 16:34:22.946 ipjsua[3597:4e03] >>> 
2013-02-01 16:34:36.006 ipjsua[3597:4e03] 16:34:36.005    pjsua_acc.c !Modifying accunt 2
2013-02-01 16:34:36.008 ipjsua[3597:4e03] >>> 
2013-02-01 16:34:47.616 ipjsua[3597:4e03] 16:34:47.616    pjsua_acc.c !Modifying accunt 2
2013-02-01 16:34:47.619 ipjsua[3597:4e03] >>> 
2013-02-01 16:34:51.384 ipjsua[3597:4e03] (You currently have 0 calls)
2013-02-01 16:34:51.387 ipjsua[3597:4e03] Buddy list:
2013-02-01 16:34:51.388 ipjsua[3597:4e03]  -none-
2013-02-01 16:34:51.389 ipjsua[3597:4e03] 
2013-02-01 16:34:51.390 ipjsua[3597:4e03] Choices:
   0         For current dialog.
  -1         All 0 buddies in buddy list
  [1 - 0]    Select from buddy list
  URL        An URL
  <Enter>    Empty input (or 'q') to cancel
2013-02-01 16:34:51.391 ipjsua[3597:4e03] Make call: 
2013-02-01 16:35:17.124 ipjsua[3597:4e03] 16:35:17.123   pjsua_call.c !Making call with acc #2 to sip:ashishlalwork@sip.antisip.com
2013-02-01 16:35:17.126 ipjsua[3597:4e03] 16:35:17.126    pjsua_aud.c  .Set sound device: capture=-1, playback=-2
2013-02-01 16:35:17.128 ipjsua[3597:4e03] 16:35:17.128    pjsua_app.c  ..Turning sound device ON
2013-02-01 16:35:17.129 ipjsua[3597:4e03] 16:35:17.129    pjsua_aud.c  ..Opening sound device PCM@8000/1/20ms
2013-02-01 16:35:17.130 ipjsua[3597:4e03] 16:35:17.130 coreaudio_dev.  ...Using VoiceProcessingIO audio unit
2013-02-01 16:35:17.554 ipjsua[3597:4e03] 16:35:17.554 coreaudio_dev.  ...core audio stream started
2013-02-01 16:35:17.560 ipjsua[3597:4e03] 16:35:17.560  pjsua_media.c  .Call 0: initializing media..
2013-02-01 16:35:17.561 ipjsua[3597:4e03] 16:35:17.561  pjsua_media.c  ..RTP socket reachable at 192.168.1.4:4000
2013-02-01 16:35:17.562 ipjsua[3597:4e03] 16:35:17.562  pjsua_media.c  ..RTCP socket reachable at 192.168.1.4:4001
2013-02-01 16:35:17.564 ipjsua[3597:4e03] 16:35:17.564  pjsua_media.c  ..RTP socket reachable at 192.168.1.4:4002
2013-02-01 16:35:17.565 ipjsua[3597:4e03] 16:35:17.565  pjsua_media.c  ..RTCP socket reachable at 192.168.1.4:4003
2013-02-01 16:35:17.566 ipjsua[3597:4e03] 16:35:17.566  pjsua_media.c  ..Media index 0 selected for audio call 0
2013-02-01 16:35:17.576 ipjsua[3597:8053] 16:35:17.576 os_core_unix.c  Info: possibly re-registering existing thread
2013-02-01 16:35:17.583 ipjsua[3597:4e03] 16:35:17.583  tcpc0x198f214  ....TCP client transport created
2013-02-01 16:35:17.585 ipjsua[3597:4e03] 16:35:17.585  tcpc0x198f214  ....TCP transport 192.168.1.4:56087 is connecting to 91.121.81.212:5060...
2013-02-01 16:35:17.586 ipjsua[3597:4e03] 16:35:17.586   pjsua_core.c  ....TX 1443 bytes Request msg INVITE/cseq=25689 (tdta0x21baa00) to tcp 91.121.81.212:5060:
INVITE sip:ashishlalwork@sip.antisip.com SIP/2.0

Via: SIP/2.0/TCP 192.168.1.4:56087;rport;branch=z9hG4bKPjlRBNv0zVsCbtpGjjg5pHFef3PbExW.EO

Max-Forwards: 70

From: sip:ashishlalwork1@sip.antisip.com;tag=WY26G4AGfAfxtf7w7a9sM7mdD7lhbGkM

To: sip:ashishlalwork@sip.antisip.com

Contact: <sip:ashishlalwork1@192.168.1.4:5060;ob>

Call-ID: eCpKIaPJNVvm30e6Np-7SWr6peIfjpwO

CSeq: 25689 INVITE

Allow: PRACK, INVITE, ACK, BYE, CANCEL, UPDATE, SUBSCRIBE, NOTIFY, REFER, MESSAGE, OPTIONS

Supported: replaces, 100rel, timer, norefersub

Session-Expires: 1800

Min-SE: 90

User-Agent: PJSUA v2.0.1 iPhone OS-6.0.1/arm/iOS-SDK-6.0

Content-Type: application/sdp

Content-Length:   763



v=0

o=- 3568705517 3568705517 IN IP4 192.168.1.4

s=pjmedia

c=IN IP4 192.168.1.4

b=AS:352

t=0 0

a=X-nat:0

m=audio 4000 RTP/AVP 98 97 99 104 3 0 8 96

c=IN IP4 192.168.1.4

b=TIAS:64000

a=rtcp:4001 IN IP4 192.168.1.4

a=sendrecv

a=rtpmap:98 speex/16000

a=rtpmap:97 speex/8000

a=rtpmap:99 speex/32000

a=rtpmap:104 iLBC/8000

a=fmtp:104 mode=30

a=rtpmap:3 GSM/8000

a=rtpmap:0 PCMU/8000

a=rtpmap:8 PCMA/8000

a=rtpmap:96 telephone-event/8000

a=fmtp:96 0-15

m=video 4002 RTP/AVP 97 96 34

c=IN IP4 192.168.1.4

b=TIAS:256000

a=rtcp:4003 IN IP4 192.168.1.4

a=sendrecv

a=rtpmap:97 H264/90000

a=fmtp:97 profile-level-id=42e01e; packetization-mode=1

a=rtpmap:96 H263-1998/90000

a=fmtp:96 CIF=1;QCIF=1

a=rtpmap:34 H263/90000

a=fmtp:34 CIF=1;QCIF=1


--end msg--
2013-02-01 16:35:17.592 ipjsua[3597:4e03] 16:35:17.592    pjsua_app.c  .......Call 0 state changed to CALLING
2013-02-01 16:35:17.593 ipjsua[3597:4e03] >>> 
2013-02-01 16:35:18.583 ipjsua[3597:6303] 16:35:18.583  tcpc0x198f214 !TCP transport 192.168.1.4:56087 is connected to 91.121.81.212:5060
2013-02-01 16:35:18.585 ipjsua[3597:6303] 16:35:18.585    pjsua_app.c  SIP tcp transport is connected to [91.121.81.212:5060]
2013-02-01 16:35:19.704 ipjsua[3597:6303] 16:35:19.704   pjsua_core.c  .RX 541 bytes Response msg 407/INVITE/cseq=25689 (rdata0x198f3bc) from tcp 91.121.81.212:5060:
SIP/2.0 407 Proxy Authentication Required

Via: SIP/2.0/TCP 192.168.1.4:56087;rport=25042;branch=z9hG4bKPjlRBNv0zVsCbtpGjjg5pHFef3PbExW.EO;received=122.170.84.126

From: sip:ashishlalwork1@sip.antisip.com;tag=WY26G4AGfAfxtf7w7a9sM7mdD7lhbGkM

To: sip:ashishlalwork@sip.antisip.com;tag=b27e1a1d33761e85846fc98f5f3a7e58.d60a

Call-ID: eCpKIaPJNVvm30e6Np-7SWr6peIfjpwO

CSeq: 25689 INVITE

Proxy-Authenticate: Digest realm="sip.antisip.com", nonce="UQulUlELoWp/9qtKQwesOnbU8XQHrW6f"

Server: kamailio (3.2.1 (i386/linux))

Content-Length: 0




--end msg--
2013-02-01 16:35:19.708 ipjsua[3597:6303] 16:35:19.708   pjsua_core.c  ..TX 398 bytes Request msg ACK/cseq=25689 (tdta0x197d600) to tcp 91.121.81.212:5060:
ACK sip:ashishlalwork@sip.antisip.com SIP/2.0

Via: SIP/2.0/TCP 192.168.1.4:56087;rport;branch=z9hG4bKPjlRBNv0zVsCbtpGjjg5pHFef3PbExW.EO

Max-Forwards: 70

From: sip:ashishlalwork1@sip.antisip.com;tag=WY26G4AGfAfxtf7w7a9sM7mdD7lhbGkM

To: sip:ashishlalwork@sip.antisip.com;tag=b27e1a1d33761e85846fc98f5f3a7e58.d60a

Call-ID: eCpKIaPJNVvm30e6Np-7SWr6peIfjpwO

CSeq: 25689 ACK

Content-Length:  0




--end msg--
2013-02-01 16:35:19.710 ipjsua[3597:6303] 16:35:19.710   pjsua_core.c  .......TX 1651 bytes Request msg INVITE/cseq=25690 (tdta0x21baa00) to tcp 91.121.81.212:5060:
INVITE sip:ashishlalwork@sip.antisip.com SIP/2.0

Via: SIP/2.0/TCP 192.168.1.4:56087;rport;branch=z9hG4bKPjmePCvYgD4zj-Rp3ZO.J-1itz709-hl1-

Max-Forwards: 70

From: sip:ashishlalwork1@sip.antisip.com;tag=WY26G4AGfAfxtf7w7a9sM7mdD7lhbGkM

To: sip:ashishlalwork@sip.antisip.com

Contact: <sip:ashishlalwork1@192.168.1.4:5060;ob>

Call-ID: eCpKIaPJNVvm30e6Np-7SWr6peIfjpwO

CSeq: 25690 INVITE

Allow: PRACK, INVITE, ACK, BYE, CANCEL, UPDATE, SUBSCRIBE, NOTIFY, REFER, MESSAGE, OPTIONS

Supported: replaces, 100rel, timer, norefersub

Session-Expires: 1800

Min-SE: 90

User-Agent: PJSUA v2.0.1 iPhone OS-6.0.1/arm/iOS-SDK-6.0

Proxy-Authorization: Digest username="ashishlalwork1", realm="sip.antisip.com", nonce="UQulUlELoWp/9qtKQwesOnbU8XQHrW6f", uri="sip:ashishlalwork@sip.antisip.com", response="8cd2f4f000ccc099fc43f5b2b4ca629f"

Content-Type: application/sdp

Content-Length:   763



v=0

o=- 3568705517 3568705517 IN IP4 192.168.1.4

s=pjmedia

c=IN IP4 192.168.1.4

b=AS:352

t=0 0

a=X-nat:0

m=audio 4000 RTP/AVP 98 97 99 104 3 0 8 96

c=IN IP4 192.168.1.4

b=TIAS:64000

a=rtcp:4001 IN IP4 192.168.1.4

a=sendrecv

a=rtpmap:98 speex/16000

a=rtpmap:97 speex/8000

a=rtpmap:99 speex/32000

a=rtpmap:104 iLBC/8000

a=fmtp:104 mode=30

a=rtpmap:3 GSM/8000

a=rtpmap:0 PCMU/8000

a=rtpmap:8 PCMA/8000

a=rtpmap:96 telephone-event/8000

a=fmtp:96 0-15

m=video 4002 RTP/AVP 97 96 34

c=IN IP4 192.168.1.4

b=TIAS:256000

a=rtcp:4003 IN IP4 192.168.1.4

a=sendrecv

a=rtpmap:97 H264/90000

a=fmtp:97 profile-level-id=42e01e; packetization-mode=1

a=rtpmap:96 H263-1998/90000

a=fmtp:96 CIF=1;QCIF=1

a=rtpmap:34 H263/90000

a=fmtp:34 CIF=1;QCIF=1


--end msg--
2013-02-01 16:35:20.732 ipjsua[3597:6303] 16:35:20.732   pjsua_core.c  .RX 414 bytes Response msg 100/INVITE/cseq=25690 (rdata0x198f3bc) from tcp 91.121.81.212:5060:
SIP/2.0 100 trying -- your call is important to us

Via: SIP/2.0/TCP 192.168.1.4:56087;rport=25042;branch=z9hG4bKPjmePCvYgD4zj-Rp3ZO.J-1itz709-hl1-;received=122.170.84.126

From: sip:ashishlalwork1@sip.antisip.com;tag=WY26G4AGfAfxtf7w7a9sM7mdD7lhbGkM

To: sip:ashishlalwork@sip.antisip.com

Call-ID: eCpKIaPJNVvm30e6Np-7SWr6peIfjpwO

CSeq: 25690 INVITE

Server: kamailio (3.2.1 (i386/linux))

Content-Length: 0




--end msg--
2013-02-01 16:35:20.734 ipjsua[3597:6303] 16:35:20.734   pjsua_core.c  .RX 643 bytes Response msg 180/INVITE/cseq=25690 (rdata0x198f3bc) from tcp 91.121.81.212:5060:
SIP/2.0 180 Ringing

Via: SIP/2.0/TCP 192.168.1.4:56087;received=122.170.84.126;rport=25042;branch=z9hG4bKPjmePCvYgD4zj-Rp3ZO.J-1itz709-hl1-

Record-Route: <sip:91.121.81.212;lr;r2=on;frc=yes;mr=yes>

Record-Route: <sip:91.121.81.212;transport=tcp;r2=on;lr;frc=yes;mr=yes>

Contact: <sip:ashishlalwork@122.170.84.126:5060;rinstance=33560a7d2c9f89c8>

To: <sip:ashishlalwork@sip.antisip.com>;tag=87c0a326

From: <sip:ashishlalwork1@sip.antisip.com>;tag=WY26G4AGfAfxtf7w7a9sM7mdD7lhbGkM

Call-ID: eCpKIaPJNVvm30e6Np-7SWr6peIfjpwO

CSeq: 25690 INVITE

User-Agent: X-Lite release 5.0.0 stamp 67285

Content-Length: 0

P-PMR: mediarelay enabled




--end msg--
2013-02-01 16:35:20.737 ipjsua[3597:6303] 16:35:20.737    pjsua_aud.c  .....Conf connect: 1 --> 0
2013-02-01 16:35:20.738 ipjsua[3597:6303] 16:35:20.738   conference.c  ......Port 1 (ringback) transmitting to port 0 (iPhone IO device)
2013-02-01 16:35:20.740 ipjsua[3597:6303] 16:35:20.740    pjsua_app.c  .....Call 0 state changed to EARLY (180 Ringing)
2013-02-01 16:35:26.731 ipjsua[3597:6303] 16:35:26.731   pjsua_core.c  .RX 1120 bytes Response msg 200/INVITE/cseq=25690 (rdata0x198f3bc) from tcp 91.121.81.212:5060:
SIP/2.0 200 OK

Via: SIP/2.0/TCP 192.168.1.4:56087;received=122.170.84.126;rport=25042;branch=z9hG4bKPjmePCvYgD4zj-Rp3ZO.J-1itz709-hl1-

Record-Route: <sip:91.121.81.212;lr;r2=on;frc=yes;mr=yes>

Record-Route: <sip:91.121.81.212;transport=tcp;r2=on;lr;frc=yes;mr=yes>

Contact: <sip:ashishlalwork@122.170.84.126:5060;rinstance=33560a7d2c9f89c8>

To: <sip:ashishlalwork@sip.antisip.com>;tag=87c0a326

From: <sip:ashishlalwork1@sip.antisip.com>;tag=WY26G4AGfAfxtf7w7a9sM7mdD7lhbGkM

Call-ID: eCpKIaPJNVvm30e6Np-7SWr6peIfjpwO

CSeq: 25690 INVITE

Allow: INVITE, ACK, CANCEL, OPTIONS, BYE, REFER, NOTIFY, MESSAGE, SUBSCRIBE, INFO

Content-Type: application/sdp

Supported: replaces

User-Agent: X-Lite release 5.0.0 stamp 67285

Content-Length: 345

P-PMR: mediarelay enabled



v=0

o=- 1359716722571971 1 IN IP4 91.121.81.212

s=CounterPath X-Lite 5.0.0

c=IN IP4 91.121.81.212

b=AS:1638

t=0 0

m=audio 39274 RTP/AVP 0 8 96

a=rtpmap:96 telephone-event/8000

a=fmtp:96 0-15

a=sendrecv

m=video 39276 RTP/AVP 34

b=TIAS:1574400

a=rtpmap:34 H263/90000

a=fmtp:34 QCIF=1;CIF=1;VGA=1;CIF4=1

a=sendrecv

a=nortpproxy:yes


--end msg--
2013-02-01 16:35:26.735 ipjsua[3597:6303] 16:35:26.735    pjsua_app.c  .....Call 0 state changed to CONNECTING
2013-02-01 16:35:26.736 ipjsua[3597:6303] 16:35:26.736  pjsua_media.c  .....Call 0: updating media..
2013-02-01 16:35:26.737 ipjsua[3597:6303] 16:35:26.737  pjsua_media.c  ......--my0--
2013-02-01 16:35:26.738 ipjsua[3597:6303] 16:35:26.738  pjsua_media.c  ......--my10--
2013-02-01 16:35:26.739 ipjsua[3597:6303] 16:35:26.738  pjsua_media.c  .......--my12--
2013-02-01 16:35:26.739 ipjsua[3597:6303] 16:35:26.739  pjsua_media.c  ......--my1--
2013-02-01 16:35:26.740 ipjsua[3597:6303] 16:35:26.740  pjsua_media.c  ......--my2--
2013-02-01 16:35:26.741 ipjsua[3597:6303] 16:35:26.741  pjsua_media.c  ......--my3--
2013-02-01 16:35:26.742 ipjsua[3597:6303] 16:35:26.742  pjsua_media.c  ......--my4--
2013-02-01 16:35:26.743 ipjsua[3597:6303] 16:35:26.743  pjsua_media.c  ......--my5--
2013-02-01 16:35:26.749 ipjsua[3597:6303] 16:35:26.748  pjsua_media.c  ......--my6--
2013-02-01 16:35:26.752 ipjsua[3597:6303] 16:35:26.752    pjsua_aud.c  ......Audio channel update..
2013-02-01 16:35:26.754 ipjsua[3597:6303] 16:35:26.753  strm0x21bca14  .......VAD temporarily disabled
2013-02-01 16:35:26.755 ipjsua[3597:6303] 16:35:26.755  strm0x21bca14  .......Encoder stream started
2013-02-01 16:35:26.757 ipjsua[3597:6303] 16:35:26.757  strm0x21bca14  .......Decoder stream started
2013-02-01 16:35:26.758 ipjsua[3597:6303] 16:35:26.758  pjsua_media.c  ......Audio updated, stream #0: PCMU (sendrecv)
2013-02-01 16:35:26.761 ipjsua[3597:6303] 16:35:26.760  pjsua_media.c  ......--my7--
2013-02-01 16:35:26.762 ipjsua[3597:6303] 16:35:26.762  pjsua_media.c  ......--my8--
2013-02-01 16:35:26.763 ipjsua[3597:6303] 16:35:26.763  pjsua_media.c  ......--my5--
2013-02-01 16:35:26.765 ipjsua[3597:6303] 16:35:26.765    pjsua_vid.c  ......Video channel update..
err{or,}_recognition separate: 1; 1
err{or,}_recognition combined: 1; 65537
removing common factors from framerate
intra_quant_bias = 0 inter_quant_bias = -64
Unsupported bit depth: 0
err{or,}_recognition separate: 1; 1
err{or,}_recognition combined: 1; 65537
2013-02-01 16:35:26.812 ipjsua[3597:6303] 16:35:26.812 vstenc0x193d81  .......Encoder stream started
2013-02-01 16:35:26.813 ipjsua[3597:6303] 16:35:26.813 vstdec0x193d81  .......Decoder stream started
2013-02-01 16:35:26.814 ipjsua[3597:6303] 16:35:26.814    pjsua_vid.c  .......Setting up RX..
2013-02-01 16:35:26.815 ipjsua[3597:6303] 16:35:26.815    pjsua_vid.c  ........Creating video window: type=stream, cap_id=-1, rend_id=0
2013-02-01 16:35:26.816 ipjsua[3597:6303] 16:35:26.816     vid_port.c  .........Opening device iOS UIView [iOS] for render: format=BGRA, size=352x288 @45000:1001 fps
2013-02-01 16:35:26.817 ipjsua[3597:6303] Entered ios_factory_create_stream
2013-02-01 16:35:26.823 ipjsua[3597:6303] 16:35:26.823     vid_port.c  .........Device iOS UIView [iOS] opened: format=BGRA, size=352x288 @45000:1001 fps
No accelerated colorspace conversion found from yuv420p to bgra.
2013-02-01 16:35:26.827 ipjsua[3597:6303] 16:35:26.827    pjsua_vid.c  .........stream window id 0 created for cap_dev=-1 rend_dev=0
2013-02-01 16:35:26.828 ipjsua[3597:6303] 16:35:26.828    pjsua_vid.c  .........Window 0 created
2013-02-01 16:35:26.829 ipjsua[3597:6303] 16:35:26.829      ios_dev.m  ........Starting ios video stream
2013-02-01 16:35:26.831 ipjsua[3597:6303] 16:35:26.830    pjsua_vid.c  .......Setting up TX..
2013-02-01 16:35:26.832 ipjsua[3597:6303] 16:35:26.832    pjsua_vid.c  ........Creating video window: type=preview, cap_id=1, rend_id=0
2013-02-01 16:35:26.833 ipjsua[3597:6303] 16:35:26.833     vid_port.c  .........Opening device iOS AVCapture [iOS] for capture: format=BGRA, size=352x288 @30000:2002 fps
2013-02-01 16:35:26.834 ipjsua[3597:6303] Entered ios_factory_create_stream

Hieu register thread
2013-02-01 16:35:26.867 ipjsua[3597:6303] Device name: Back Camera
2013-02-01 16:35:26.869 ipjsua[3597:6303] Device name: Front Camera
2013-02-01 16:35:26.880 ipjsua[3597:6303] WARNING: -[<AVCaptureVideoDataOutput: 0x1434dd0> setMinFrameDuration:] is deprecated.  Please use AVCaptureConnection's -setVideoMinFrameDuration:
2013-02-01 16:35:26.886 ipjsua[3597:6303] 16:35:26.886     vid_port.c  .........Device iOS AVCapture [iOS] opened: format=BGRA, size=352x288 @30000:2002 fps
2013-02-01 16:35:26.901 ipjsua[3597:6303] 16:35:26.901     vid_port.c  .........Opening device iOS UIView [iOS] for render: format=BGRA, size=352x288 @30000:2002 fps
2013-02-01 16:35:26.904 ipjsua[3597:6303] Entered ios_factory_create_stream
2013-02-01 16:35:26.906 ipjsua[3597:6303] 16:35:26.906     vid_port.c  .........Device iOS UIView [iOS] opened: format=BGRA, size=352x288 @30000:2002 fps
No accelerated colorspace conversion found from yuv420p to bgra.
2013-02-01 16:35:26.908 ipjsua[3597:6303] 16:35:26.908    pjsua_vid.c  .........preview window id 1 created for cap_dev=1 rend_dev=0
2013-02-01 16:35:26.918 ipjsua[3597:6303] 16:35:26.918    pjsua_vid.c  .........Window 1 created
2013-02-01 16:35:26.920 ipjsua[3597:6303] 16:35:26.920      ios_dev.m  ........Starting ios video stream
2013-02-01 16:35:27.401 ipjsua[3597:8053] 16:35:27.401  strm0x21bca14 !VAD re-enabled
2013-02-01 16:35:27.504 ipjsua[3597:6303] 16:35:27.504  pjsua_media.c !......Video updated, stream #1: H263 (sendrecv)
2013-02-01 16:35:27.505 ipjsua[3597:6303] 16:35:27.505  pjsua_media.c  ......--my8--
2013-02-01 16:35:27.510 ipjsua[3597:6303] 16:35:27.510  pjsua_media.c  ......--my9--
2013-02-01 16:35:27.512 ipjsua[3597:6303] 16:35:27.512   pjsua_call.c  .....Got answer with multiple codecs, scheduling updating media session to use only one codec..
2013-02-01 16:35:27.514 ipjsua[3597:6303] 16:35:27.514    pjsua_app.c  .....Call 0 media 0 [type=audio], status is Active
2013-02-01 16:35:27.521 ipjsua[3597:6303] 16:35:27.521    pjsua_aud.c  .....Conf disconnect: 1 -x- 0
2013-02-01 16:35:27.522 ipjsua[3597:6303] 16:35:27.522   conference.c  ......Port 1 (ringback) stop transmitting to port 0 (iPhone IO device)
2013-02-01 16:35:27.524 ipjsua[3597:6303] 16:35:27.524    pjsua_aud.c  .....Conf connect: 3 --> 0
2013-02-01 16:35:27.525 ipjsua[3597:6303] 16:35:27.525   conference.c  ......Port 3 (sip:ashishlalwork@sip.antisip.com) transmitting to port 0 (iPhone IO device)
2013-02-01 16:35:27.527 ipjsua[3597:6303] 16:35:27.527    pjsua_aud.c  .....Conf connect: 0 --> 3
2013-02-01 16:35:27.530 ipjsua[3597:6303] 16:35:27.530   conference.c  ......Port 0 (iPhone IO device) transmitting to port 3 (sip:ashishlalwork@sip.antisip.com)
2013-02-01 16:35:27.532 ipjsua[3597:6303] 16:35:27.532    pjsua_app.c  .....Call 0 media 1 [type=video], status is Active
2013-02-01 16:35:27.534 ipjsua[3597:6303] 16:35:27.534   pjsua_core.c  .....TX 518 bytes Request msg ACK/cseq=25690 (tdta0x21ebe00) to tcp 91.121.81.212:5060:
ACK sip:ashishlalwork@122.170.84.126:5060;rinstance=33560a7d2c9f89c8 SIP/2.0

Via: SIP/2.0/TCP 192.168.1.4:56087;rport;branch=z9hG4bKPjcmbws--7Sl.Fcx3U2s9w7L.8s0LNtj18

Max-Forwards: 70

From: sip:ashishlalwork1@sip.antisip.com;tag=WY26G4AGfAfxtf7w7a9sM7mdD7lhbGkM

To: sip:ashishlalwork@sip.antisip.com;tag=87c0a326

Call-ID: eCpKIaPJNVvm30e6Np-7SWr6peIfjpwO

CSeq: 25690 ACK

Route: <sip:91.121.81.212;transport=tcp;lr;r2=on;frc=yes;mr=yes>

Route: <sip:91.121.81.212;lr;r2=on;frc=yes;mr=yes>

Content-Length:  0




--end msg--
2013-02-01 16:35:27.547 ipjsua[3597:6303] 16:35:27.547    pjsua_app.c !.....Call 0 state changed to CONFIRMED
2013-02-01 16:35:27.549 ipjsua[3597:6303] 16:35:27.549   pjsua_core.c  .RX 1120 bytes Response msg 200/INVITE/cseq=25690 (rdata0x198f3bc) from tcp 91.121.81.212:5060:
SIP/2.0 200 OK

Via: SIP/2.0/TCP 192.168.1.4:56087;received=122.170.84.126;rport=25042;branch=z9hG4bKPjmePCvYgD4zj-Rp3ZO.J-1itz709-hl1-

Record-Route: <sip:91.121.81.212;lr;r2=on;frc=yes;mr=yes>

Record-Route: <sip:91.121.81.212;transport=tcp;r2=on;lr;frc=yes;mr=yes>

Contact: <sip:ashishlalwork@122.170.84.126:5060;rinstance=33560a7d2c9f89c8>

To: <sip:ashishlalwork@sip.antisip.com>;tag=87c0a326

From: <sip:ashishlalwork1@sip.antisip.com>;tag=WY26G4AGfAfxtf7w7a9sM7mdD7lhbGkM

Call-ID: eCpKIaPJNVvm30e6Np-7SWr6peIfjpwO

CSeq: 25690 INVITE

Allow: INVITE, ACK, CANCEL, OPTIONS, BYE, REFER, NOTIFY, MESSAGE, SUBSCRIBE, INFO

Content-Type: application/sdp

Supported: replaces

User-Agent: X-Lite release 5.0.0 stamp 67285

Content-Length: 345

P-PMR: mediarelay enabled



v=0

o=- 1359716722571971 1 IN IP4 91.121.81.212

s=CounterPath X-Lite 5.0.0

c=IN IP4 91.121.81.212

b=AS:1638

t=0 0

m=audio 39274 RTP/AVP 0 8 96

a=rtpmap:96 telephone-event/8000

a=fmtp:96 0-15

a=sendrecv

m=video 39276 RTP/AVP 34

b=TIAS:1574400

a=rtpmap:34 H263/90000

a=fmtp:34 QCIF=1;CIF=1;VGA=1;CIF4=1

a=sendrecv

a=nortpproxy:yes


--end msg--
2013-02-01 16:35:27.557 ipjsua[3597:6303] 16:35:27.557   pjsua_core.c  ...TX 518 bytes Request msg ACK/cseq=25690 (tdta0x21ebe00) to tcp 91.121.81.212:5060:
ACK sip:ashishlalwork@122.170.84.126:5060;rinstance=33560a7d2c9f89c8 SIP/2.0

Via: SIP/2.0/TCP 192.168.1.4:56087;rport;branch=z9hG4bKPjcmbws--7Sl.Fcx3U2s9w7L.8s0LNtj18

Max-Forwards: 70

From: sip:ashishlalwork1@sip.antisip.com;tag=WY26G4AGfAfxtf7w7a9sM7mdD7lhbGkM

To: sip:ashishlalwork@sip.antisip.com;tag=87c0a326

Call-ID: eCpKIaPJNVvm30e6Np-7SWr6peIfjpwO

CSeq: 25690 ACK

Route: <sip:91.121.81.212;transport=tcp;lr;r2=on;frc=yes;mr=yes>

Route: <sip:91.121.81.212;lr;r2=on;frc=yes;mr=yes>

Content-Length:  0




--end msg--
2013-02-01 16:35:27.564 ipjsua[3597:6303] 16:35:27.564   pjsua_core.c  .RX 1120 bytes Response msg 200/INVITE/cseq=25690 (rdata0x198f3bc) from tcp 91.121.81.212:5060:
SIP/2.0 200 OK

Via: SIP/2.0/TCP 192.168.1.4:56087;received=122.170.84.126;rport=25042;branch=z9hG4bKPjmePCvYgD4zj-Rp3ZO.J-1itz709-hl1-

Record-Route: <sip:91.121.81.212;lr;r2=on;frc=yes;mr=yes>

Record-Route: <sip:91.121.81.212;transport=tcp;r2=on;lr;frc=yes;mr=yes>

Contact: <sip:ashishlalwork@122.170.84.126:5060;rinstance=33560a7d2c9f89c8>

To: <sip:ashishlalwork@sip.antisip.com>;tag=87c0a326

From: <sip:ashishlalwork1@sip.antisip.com>;tag=WY26G4AGfAfxtf7w7a9sM7mdD7lhbGkM

Call-ID: eCpKIaPJNVvm30e6Np-7SWr6peIfjpwO

CSeq: 25690 INVITE

Allow: INVITE, ACK, CANCEL, OPTIONS, BYE, REFER, NOTIFY, MESSAGE, SUBSCRIBE, INFO

Content-Type: application/sdp

Supported: replaces

User-Agent: X-Lite release 5.0.0 stamp 67285

Content-Length: 345

P-PMR: mediarelay enabled



v=0

o=- 1359716722571971 1 IN IP4 91.121.81.212

s=CounterPath X-Lite 5.0.0

c=IN IP4 91.121.81.212

b=AS:1638

t=0 0

m=audio 39274 RTP/AVP 0 8 96

a=rtpmap:96 telephone-event/8000

a=fmtp:96 0-15

a=sendrecv

m=video 39276 RTP/AVP 34

b=TIAS:1574400

a=rtpmap:34 H263/90000

a=fmtp:34 QCIF=1;CIF=1;VGA=1;CIF4=1

a=sendrecv

a=nortpproxy:yes


--end msg--
2013-02-01 16:35:27.576 ipjsua[3597:6303] 16:35:27.576   pjsua_core.c  ...TX 518 bytes Request msg ACK/cseq=25690 (tdta0x21ebe00) to tcp 91.121.81.212:5060:
ACK sip:ashishlalwork@122.170.84.126:5060;rinstance=33560a7d2c9f89c8 SIP/2.0

Via: SIP/2.0/TCP 192.168.1.4:56087;rport;branch=z9hG4bKPjcmbws--7Sl.Fcx3U2s9w7L.8s0LNtj18

Max-Forwards: 70

From: sip:ashishlalwork1@sip.antisip.com;tag=WY26G4AGfAfxtf7w7a9sM7mdD7lhbGkM

To: sip:ashishlalwork@sip.antisip.com;tag=87c0a326

Call-ID: eCpKIaPJNVvm30e6Np-7SWr6peIfjpwO

CSeq: 25690 ACK

Route: <sip:91.121.81.212;transport=tcp;lr;r2=on;frc=yes;mr=yes>

Route: <sip:91.121.81.212;lr;r2=on;frc=yes;mr=yes>

Content-Length:  0




--end msg--
2013-02-01 16:35:27.579 ipjsua[3597:6303] 16:35:27.579   pjsua_call.c  Updating media session to use only one codec..
2013-02-01 16:35:27.582 ipjsua[3597:6303] 16:35:27.582   pjsua_core.c  ...TX 1229 bytes Request msg INVITE/cseq=25691 (tdta0x21ece00) to tcp 91.121.81.212:5060:
INVITE sip:ashishlalwork@122.170.84.126:5060;rinstance=33560a7d2c9f89c8 SIP/2.0

Via: SIP/2.0/TCP 192.168.1.4:56087;rport;branch=z9hG4bKPjAQrYik-dbSyTF0aGxC8rU6R9j0MpYgob

Max-Forwards: 70

From: sip:ashishlalwork1@sip.antisip.com;tag=WY26G4AGfAfxtf7w7a9sM7mdD7lhbGkM

To: sip:ashishlalwork@sip.antisip.com;tag=87c0a326

Contact: <sip:ashishlalwork1@192.168.1.4:5060;ob>

Call-ID: eCpKIaPJNVvm30e6Np-7SWr6peIfjpwO

CSeq: 25691 INVITE

Route: <sip:91.121.81.212;transport=tcp;lr;r2=on;frc=yes;mr=yes>

Route: <sip:91.121.81.212;lr;r2=on;frc=yes;mr=yes>

Allow: PRACK, INVITE, ACK, BYE, CANCEL, UPDATE, SUBSCRIBE, NOTIFY, REFER, MESSAGE, OPTIONS

Supported: replaces, 100rel, timer, norefersub

Session-Expires: 1800

Min-SE: 90

Content-Type: application/sdp

Content-Length:   445



v=0

o=- 3568705517 3568705518 IN IP4 192.168.1.4

s=pjmedia

c=IN IP4 192.168.1.4

b=AS:352

t=0 0

a=X-nat:0

m=audio 4000 RTP/AVP 0 96

c=IN IP4 192.168.1.4

b=TIAS:64000

a=rtcp:4001 IN IP4 192.168.1.4

a=sendrecv

a=rtpmap:0 PCMU/8000

a=rtpmap:96 telephone-event/8000

a=fmtp:96 0-15

m=video 4002 RTP/AVP 34

c=IN IP4 192.168.1.4

b=TIAS:256000

a=rtcp:4003 IN IP4 192.168.1.4

a=sendrecv

a=rtpmap:34 H263/90000

a=fmtp:34 CIF=1;QCIF=1


--end msg--
------------------h263_packetizer.c: Inside pjmedia_h263_packetize---------------
2013-02-01 16:35:27.784 ipjsua[3597:6303] 16:35:27.783   pjsua_core.c  .RX 427 bytes Response msg 100/INVITE/cseq=25691 (rdata0x198f3bc) from tcp 91.121.81.212:5060:
SIP/2.0 100 trying -- your call is important to us

Via: SIP/2.0/TCP 192.168.1.4:56087;rport=25042;branch=z9hG4bKPjAQrYik-dbSyTF0aGxC8rU6R9j0MpYgob;received=122.170.84.126

From: sip:ashishlalwork1@sip.antisip.com;tag=WY26G4AGfAfxtf7w7a9sM7mdD7lhbGkM

To: sip:ashishlalwork@sip.antisip.com;tag=87c0a326

Call-ID: eCpKIaPJNVvm30e6Np-7SWr6peIfjpwO

CSeq: 25691 INVITE

Server: kamailio (3.2.1 (i386/linux))

Content-Length: 0




--end msg--

Hieu register thread
2013-02-01 16:35:28.076 ipjsua[3597:6303] 16:35:28.076   pjsua_core.c  .RX 1118 bytes Response msg 200/INVITE/cseq=25691 (rdata0x198f3bc) from tcp 91.121.81.212:5060:
SIP/2.0 200 OK

Via: SIP/2.0/TCP 192.168.1.4:56087;received=122.170.84.126;rport=25042;branch=z9hG4bKPjAQrYik-dbSyTF0aGxC8rU6R9j0MpYgob

Record-Route: <sip:91.121.81.212;lr;r2=on;frc=yes;mr=yes>

Record-Route: <sip:91.121.81.212;transport=tcp;r2=on;lr;frc=yes;mr=yes>

Contact: <sip:ashishlalwork@122.170.84.126:5060;rinstance=33560a7d2c9f89c8>

To: <sip:ashishlalwork@sip.antisip.com>;tag=87c0a326

From: <sip:ashishlalwork1@sip.antisip.com>;tag=WY26G4AGfAfxtf7w7a9sM7mdD7lhbGkM

Call-ID: eCpKIaPJNVvm30e6Np-7SWr6peIfjpwO

CSeq: 25691 INVITE

Allow: INVITE, ACK, CANCEL, OPTIONS, BYE, REFER, NOTIFY, MESSAGE, SUBSCRIBE, INFO

Content-Type: application/sdp

Supported: replaces

User-Agent: X-Lite release 5.0.0 stamp 67285

Content-Length: 343

P-PMR: mediarelay enabled



v=0

o=- 1359716722571971 2 IN IP4 91.121.81.212

s=CounterPath X-Lite 5.0.0

c=IN IP4 91.121.81.212

b=AS:1638

t=0 0

m=audio 39274 RTP/AVP 0 96

a=rtpmap:96 telephone-event/8000

a=fmtp:96 0-15

a=sendrecv

m=video 39276 RTP/AVP 34

b=TIAS:1574400

a=rtpmap:34 H263/90000

a=fmtp:34 QCIF=1;CIF=1;VGA=1;CIF4=1

a=sendrecv

a=nortpproxy:yes


--end msg--
2013-02-01 16:35:28.082 ipjsua[3597:6303] 16:35:28.082  pjsua_media.c  .....Call 0: updating media..
2013-02-01 16:35:28.085 ipjsua[3597:6303] 16:35:28.084  pjsua_media.c  ......--my0--
2013-02-01 16:35:28.088 ipjsua[3597:6303] 16:35:28.088  pjsua_media.c  ......--my10--
2013-02-01 16:35:28.091 ipjsua[3597:6303] 16:35:28.091  pjsua_media.c  .......--my11--

Hieu register thread

